<?xml version="1.0" encoding="UTF-8"?>
<testsuite xmlns:xsi="http://www.w3.org/2001/XMLSchema-instance" xsi:noNamespaceSchemaLocation="https://maven.apache.org/surefire/maven-surefire-plugin/xsd/surefire-test-report.xsd" name="com.spe.assign.Testapp" time="0.532" tests="1" errors="0" skipped="0" failures="0">
  <properties>
    <property name="sun.desktop" value="gnome"/>
    <property name="awt.toolkit" value="sun.awt.X11.XToolkit"/>
    <property name="java.specification.version" value="11"/>
    <property name="sun.cpu.isalist" value=""/>
    <property name="sun.jnu.encoding" value="UTF-8"/>
    <property name="java.class.path" value="/home/akash/eclipse-workspace/Calculator/target/test-classes:/home/akash/eclipse-workspace/Calculator/target/classes:/home/akash/.m2/repository/junit/junit/4.11/junit-4.11.jar:/home/akash/.m2/repository/org/hamcrest/hamcrest-core/1.3/hamcrest-core-1.3.jar:/home/akash/.m2/repository/javax/servlet/javax.servlet-api/3.1.0/javax.servlet-api-3.1.0.jar:/home/akash/.m2/repository/javax/servlet/jsp-api/2.0/jsp-api-2.0.jar:/home/akash/.m2/repository/javax/servlet/servlet-api/2.4/servlet-api-2.4.jar:/home/akash/.m2/repository/net/sourceforge/jwebunit/jwebunit-htmlunit-plugin/3.3/jwebunit-htmlunit-plugin-3.3.jar:/home/akash/.m2/repository/net/sourceforge/htmlunit/htmlunit/2.18/htmlunit-2.18.jar:/home/akash/.m2/repository/xalan/xalan/2.7.2/xalan-2.7.2.jar:/home/akash/.m2/repository/xalan/serializer/2.7.2/serializer-2.7.2.jar:/home/akash/.m2/repository/commons-collections/commons-collections/3.2.1/commons-collections-3.2.1.jar:/home/akash/.m2/repository/org/apache/commons/commons-lang3/3.4/commons-lang3-3.4.jar:/home/akash/.m2/repository/org/apache/httpcomponents/httpclient/4.5/httpclient-4.5.jar:/home/akash/.m2/repository/org/apache/httpcomponents/httpcore/4.4.1/httpcore-4.4.1.jar:/home/akash/.m2/repository/org/apache/httpcomponents/httpmime/4.5/httpmime-4.5.jar:/home/akash/.m2/repository/commons-codec/commons-codec/1.10/commons-codec-1.10.jar:/home/akash/.m2/repository/net/sourceforge/htmlunit/htmlunit-core-js/2.17/htmlunit-core-js-2.17.jar:/home/akash/.m2/repository/xerces/xercesImpl/2.11.0/xercesImpl-2.11.0.jar:/home/akash/.m2/repository/xml-apis/xml-apis/1.4.01/xml-apis-1.4.01.jar:/home/akash/.m2/repository/net/sourceforge/nekohtml/nekohtml/1.9.22/nekohtml-1.9.22.jar:/home/akash/.m2/repository/net/sourceforge/cssparser/cssparser/0.9.16/cssparser-0.9.16.jar:/home/akash/.m2/repository/org/w3c/css/sac/1.3/sac-1.3.jar:/home/akash/.m2/repository/commons-io/commons-io/2.4/commons-io-2.4.jar:/home/akash/.m2/repository/org/eclipse/jetty/websocket/websocket-client/9.2.12.v20150709/websocket-client-9.2.12.v20150709.jar:/home/akash/.m2/repository/org/eclipse/jetty/jetty-util/9.2.12.v20150709/jetty-util-9.2.12.v20150709.jar:/home/akash/.m2/repository/org/eclipse/jetty/jetty-io/9.2.12.v20150709/jetty-io-9.2.12.v20150709.jar:/home/akash/.m2/repository/org/eclipse/jetty/websocket/websocket-common/9.2.12.v20150709/websocket-common-9.2.12.v20150709.jar:/home/akash/.m2/repository/org/eclipse/jetty/websocket/websocket-api/9.2.12.v20150709/websocket-api-9.2.12.v20150709.jar:/home/akash/.m2/repository/net/sourceforge/jwebunit/jwebunit-core/3.3/jwebunit-core-3.3.jar:/home/akash/.m2/repository/regexp/regexp/1.3/regexp-1.3.jar:/home/akash/.m2/repository/commons-lang/commons-lang/2.6/commons-lang-2.6.jar:/home/akash/.m2/repository/org/slf4j/slf4j-api/1.6.6/slf4j-api-1.6.6.jar:/home/akash/.m2/repository/org/slf4j/jcl-over-slf4j/1.6.6/jcl-over-slf4j-1.6.6.jar:"/>
    <property name="java.vm.vendor" value="Oracle Corporation"/>
    <property name="sun.arch.data.model" value="64"/>
    <property name="java.vendor.url" value="https://openjdk.java.net/"/>
    <property name="user.timezone" value=""/>
    <property name="java.vm.specification.version" value="11"/>
    <property name="os.name" value="Linux"/>
    <property name="sun.java.launcher" value="SUN_STANDARD"/>
    <property name="user.country" value="IN"/>
    <property name="sun.boot.library.path" value="/usr/lib/jvm/java-11-oracle/lib"/>
    <property name="sun.java.command" value="/home/akash/eclipse-workspace/Calculator/target/surefire/surefirebooter13093098140164950132.jar /home/akash/eclipse-workspace/Calculator/target/surefire 2020-05-09T13-34-57_727-jvmRun1 surefire4996202635779522862tmp surefire_07911233783591909355tmp"/>
    <property name="jdk.debug" value="release"/>
    <property name="surefire.test.class.path" value="/home/akash/eclipse-workspace/Calculator/target/test-classes:/home/akash/eclipse-workspace/Calculator/target/classes:/home/akash/.m2/repository/junit/junit/4.11/junit-4.11.jar:/home/akash/.m2/repository/org/hamcrest/hamcrest-core/1.3/hamcrest-core-1.3.jar:/home/akash/.m2/repository/javax/servlet/javax.servlet-api/3.1.0/javax.servlet-api-3.1.0.jar:/home/akash/.m2/repository/javax/servlet/jsp-api/2.0/jsp-api-2.0.jar:/home/akash/.m2/repository/javax/servlet/servlet-api/2.4/servlet-api-2.4.jar:/home/akash/.m2/repository/net/sourceforge/jwebunit/jwebunit-htmlunit-plugin/3.3/jwebunit-htmlunit-plugin-3.3.jar:/home/akash/.m2/repository/net/sourceforge/htmlunit/htmlunit/2.18/htmlunit-2.18.jar:/home/akash/.m2/repository/xalan/xalan/2.7.2/xalan-2.7.2.jar:/home/akash/.m2/repository/xalan/serializer/2.7.2/serializer-2.7.2.jar:/home/akash/.m2/repository/commons-collections/commons-collections/3.2.1/commons-collections-3.2.1.jar:/home/akash/.m2/repository/org/apache/commons/commons-lang3/3.4/commons-lang3-3.4.jar:/home/akash/.m2/repository/org/apache/httpcomponents/httpclient/4.5/httpclient-4.5.jar:/home/akash/.m2/repository/org/apache/httpcomponents/httpcore/4.4.1/httpcore-4.4.1.jar:/home/akash/.m2/repository/org/apache/httpcomponents/httpmime/4.5/httpmime-4.5.jar:/home/akash/.m2/repository/commons-codec/commons-codec/1.10/commons-codec-1.10.jar:/home/akash/.m2/repository/net/sourceforge/htmlunit/htmlunit-core-js/2.17/htmlunit-core-js-2.17.jar:/home/akash/.m2/repository/xerces/xercesImpl/2.11.0/xercesImpl-2.11.0.jar:/home/akash/.m2/repository/xml-apis/xml-apis/1.4.01/xml-apis-1.4.01.jar:/home/akash/.m2/repository/net/sourceforge/nekohtml/nekohtml/1.9.22/nekohtml-1.9.22.jar:/home/akash/.m2/repository/net/sourceforge/cssparser/cssparser/0.9.16/cssparser-0.9.16.jar:/home/akash/.m2/repository/org/w3c/css/sac/1.3/sac-1.3.jar:/home/akash/.m2/repository/commons-io/commons-io/2.4/commons-io-2.4.jar:/home/akash/.m2/repository/org/eclipse/jetty/websocket/websocket-client/9.2.12.v20150709/websocket-client-9.2.12.v20150709.jar:/home/akash/.m2/repository/org/eclipse/jetty/jetty-util/9.2.12.v20150709/jetty-util-9.2.12.v20150709.jar:/home/akash/.m2/repository/org/eclipse/jetty/jetty-io/9.2.12.v20150709/jetty-io-9.2.12.v20150709.jar:/home/akash/.m2/repository/org/eclipse/jetty/websocket/websocket-common/9.2.12.v20150709/websocket-common-9.2.12.v20150709.jar:/home/akash/.m2/repository/org/eclipse/jetty/websocket/websocket-api/9.2.12.v20150709/websocket-api-9.2.12.v20150709.jar:/home/akash/.m2/repository/net/sourceforge/jwebunit/jwebunit-core/3.3/jwebunit-core-3.3.jar:/home/akash/.m2/repository/regexp/regexp/1.3/regexp-1.3.jar:/home/akash/.m2/repository/commons-lang/commons-lang/2.6/commons-lang-2.6.jar:/home/akash/.m2/repository/org/slf4j/slf4j-api/1.6.6/slf4j-api-1.6.6.jar:/home/akash/.m2/repository/org/slf4j/jcl-over-slf4j/1.6.6/jcl-over-slf4j-1.6.6.jar:"/>
    <property name="sun.cpu.endian" value="little"/>
    <property name="user.home" value="/home/akash"/>
    <property name="user.language" value="en"/>
    <property name="java.specification.vendor" value="Oracle Corporation"/>
    <property name="java.version.date" value="2020-04-14"/>
    <property name="java.home" value="/usr/lib/jvm/java-11-oracle"/>
    <property name="file.separator" value="/"/>
    <property name="basedir" value="/home/akash/eclipse-workspace/Calculator"/>
    <property name="java.vm.compressedOopsMode" value="32-bit"/>
    <property name="line.separator" value="&#10;"/>
    <property name="java.specification.name" value="Java Platform API Specification"/>
    <property name="java.vm.specification.vendor" value="Oracle Corporation"/>
    <property name="java.awt.graphicsenv" value="sun.awt.X11GraphicsEnvironment"/>
    <property name="surefire.real.class.path" value="/home/akash/eclipse-workspace/Calculator/target/surefire/surefirebooter13093098140164950132.jar"/>
    <property name="sun.management.compiler" value="HotSpot 64-Bit Tiered Compilers"/>
    <property name="java.runtime.version" value="11.0.7+8-LTS"/>
    <property name="user.name" value="akash"/>
    <property name="path.separator" value=":"/>
    <property name="os.version" value="5.3.0-46-generic"/>
    <property name="java.runtime.name" value="Java(TM) SE Runtime Environment"/>
    <property name="file.encoding" value="UTF-8"/>
    <property name="java.vm.name" value="Java HotSpot(TM) 64-Bit Server VM"/>
    <property name="java.vendor.version" value="18.9"/>
    <property name="localRepository" value="/home/akash/.m2/repository"/>
    <property name="java.vendor.url.bug" value="https://bugreport.java.com/bugreport/"/>
    <property name="java.io.tmpdir" value="/tmp"/>
    <property name="java.version" value="11.0.7"/>
    <property name="user.dir" value="/home/akash/eclipse-workspace/Calculator"/>
    <property name="os.arch" value="amd64"/>
    <property name="java.vm.specification.name" value="Java Virtual Machine Specification"/>
    <property name="java.awt.printerjob" value="sun.print.PSPrinterJob"/>
    <property name="sun.os.patch.level" value="unknown"/>
    <property name="java.library.path" value="/usr/java/packages/lib:/usr/lib64:/lib64:/lib:/usr/lib"/>
    <property name="java.vendor" value="Oracle Corporation"/>
    <property name="java.vm.info" value="mixed mode"/>
    <property name="java.vm.version" value="11.0.7+8-LTS"/>
    <property name="sun.io.unicode.encoding" value="UnicodeLittle"/>
    <property name="java.class.version" value="55.0"/>
  </properties>
  <testcase name="testMainPage" classname="com.spe.assign.Testapp" time="0.5"/>
</testsuite>